2024-07-08 14:37:22,662 - MySQL connection is established at 2024-07-08 14:37:22
2024-07-08 14:37:22,670 - Database 'creditcard_capstone' created successfully at 2024-07-08 14:37:22
2024-07-08 14:37:22,670 - MySQL connection is closed at 2024-07-08 14:37:22
2024-07-08 14:37:28,323 - Data extraction from CDW_SAPP_BRANCH successful at 2024-07-08 14:37:28.
2024-07-08 14:37:28,531 - Data transformation for CDW_SAPP_BRANCH successful at 2024-07-08 14:37:28.
2024-07-08 14:37:32,076 - Data loaded into MySQL table CDW_SAPP_BRANCH successful at 2024-07-08 14:37:32.
2024-07-08 14:37:32,110 - Data extraction from data/cdw_sapp_credit.json successful at 2024-07-08 14:37:32
2024-07-08 14:37:32,179 - Data transformation for credit card transactions successful at 2024-07-08 14:37:32
2024-07-08 14:37:38,952 - Data loaded into MySQL table CDW_SAPP_CREDIT_CARD successful at 2024-07-08 14:37:38.
2024-07-08 14:37:38,978 - Data extraction from data/cdw_sapp_customer.json successful at 2024-07-08 14:37:38
2024-07-08 14:37:39,086 - Data transformation for Customer successful at 2024-07-08 14:37:39
2024-07-08 14:37:39,736 - Data loaded into MySQL table CDW_SAPP_CUSTOMER successful at 2024-07-08 14:37:39.
2024-07-08 14:37:39,752 - Closing down clientserver connection
2024-07-13 11:08:06,563 - MySQL connection is established at 2024-07-13 11:08:06
2024-07-13 11:08:06,563 - Database 'creditcard_capstone' already exists at 2024-07-13 11:08:06
2024-07-13 11:08:06,563 - MySQL connection is closed at 2024-07-13 11:08:06
2024-07-13 11:08:10,957 - Data extraction from CDW_SAPP_BRANCH successful at 2024-07-13 11:08:10.
2024-07-13 11:08:11,098 - Data transformation for CDW_SAPP_BRANCH successful at 2024-07-13 11:08:11.
2024-07-13 11:08:14,197 - Data loaded into MySQL table CDW_SAPP_BRANCH successful at 2024-07-13 11:08:14.
2024-07-13 11:08:14,229 - Data extraction from data/cdw_sapp_credit.json successful at 2024-07-13 11:08:14
2024-07-13 11:08:14,294 - Data transformation for credit card transactions successful at 2024-07-13 11:08:14
2024-07-13 11:08:23,387 - Data loaded into MySQL table CDW_SAPP_CREDIT_CARD successful at 2024-07-13 11:08:23.
2024-07-13 11:08:23,403 - Data extraction from data/cdw_sapp_customer.json successful at 2024-07-13 11:08:23
2024-07-13 11:08:23,513 - Data transformation for Customer successful at 2024-07-13 11:08:23
2024-07-13 11:08:24,553 - Data loaded into MySQL table CDW_SAPP_CUSTOMER successful at 2024-07-13 11:08:24.
2024-07-13 11:08:24,582 - Closing down clientserver connection
2024-07-13 11:35:27,893 - MySQL connection is established at 2024-07-13 11:35:27
2024-07-13 11:35:27,893 - Database 'creditcard_capstone' already exists at 2024-07-13 11:35:27
2024-07-13 11:35:27,893 - MySQL connection is closed at 2024-07-13 11:35:27
2024-07-13 11:35:32,329 - Data extraction from CDW_SAPP_BRANCH successful at 2024-07-13 11:35:32.
2024-07-13 11:35:32,470 - Data transformation for CDW_SAPP_BRANCH successful at 2024-07-13 11:35:32.
2024-07-13 11:35:35,448 - Data loaded into MySQL table CDW_SAPP_BRANCH successful at 2024-07-13 11:35:35.
2024-07-13 11:35:35,492 - Data extraction from data/cdw_sapp_credit.json successful at 2024-07-13 11:35:35
2024-07-13 11:35:35,586 - Data transformation for credit card transactions successful at 2024-07-13 11:35:35
2024-07-13 11:35:44,661 - Data loaded into MySQL table CDW_SAPP_CREDIT_CARD successful at 2024-07-13 11:35:44.
2024-07-13 11:35:44,678 - Data extraction from data/cdw_sapp_customer.json successful at 2024-07-13 11:35:44
2024-07-13 11:35:44,787 - Data transformation for Customer successful at 2024-07-13 11:35:44
2024-07-13 11:35:45,633 - Data loaded into MySQL table CDW_SAPP_CUSTOMER successful at 2024-07-13 11:35:45.
2024-07-13 11:35:45,667 - Closing down clientserver connection
2024-07-13 11:37:14,726 - MySQL connection is established at 2024-07-13 11:37:14
2024-07-13 11:37:14,726 - Database 'creditcard_capstone' already exists at 2024-07-13 11:37:14
2024-07-13 11:37:14,726 - MySQL connection is closed at 2024-07-13 11:37:14
2024-07-13 11:37:19,156 - Data extraction from CDW_SAPP_BRANCH successful at 2024-07-13 11:37:19.
2024-07-13 11:37:19,281 - Data transformation for CDW_SAPP_BRANCH successful at 2024-07-13 11:37:19.
2024-07-13 11:37:22,060 - Data loaded into MySQL table CDW_SAPP_BRANCH successful at 2024-07-13 11:37:22.
2024-07-13 11:37:22,091 - Data extraction from data/cdw_sapp_credit.json successful at 2024-07-13 11:37:22
2024-07-13 11:37:22,155 - Data transformation for credit card transactions successful at 2024-07-13 11:37:22
2024-07-13 11:37:30,892 - Data loaded into MySQL table CDW_SAPP_CREDIT_CARD successful at 2024-07-13 11:37:30.
2024-07-13 11:37:30,924 - Data extraction from data/cdw_sapp_customer.json successful at 2024-07-13 11:37:30
2024-07-13 11:37:31,018 - Data transformation for Customer successful at 2024-07-13 11:37:31
2024-07-13 11:37:31,916 - Data loaded into MySQL table CDW_SAPP_CUSTOMER successful at 2024-07-13 11:37:31.
2024-07-13 11:37:31,948 - Closing down clientserver connection
2024-07-13 15:27:03,114 - MySQL connection is established at 2024-07-13 15:27:03
2024-07-13 15:27:03,114 - Database 'creditcard_capstone' already exists at 2024-07-13 15:27:03
2024-07-13 15:27:03,114 - MySQL connection is closed at 2024-07-13 15:27:03
2024-07-13 15:27:07,605 - Data extraction from CDW_SAPP_BRANCH successful at 2024-07-13 15:27:07.
2024-07-13 15:27:07,737 - Data transformation for CDW_SAPP_BRANCH successful at 2024-07-13 15:27:07.
2024-07-13 15:27:11,263 - Data loaded into MySQL table CDW_SAPP_BRANCH successful at 2024-07-13 15:27:11.
2024-07-13 15:27:11,295 - Data extraction from data/cdw_sapp_credit.json successful at 2024-07-13 15:27:11
2024-07-13 15:27:11,361 - Data transformation for credit card transactions successful at 2024-07-13 15:27:11
2024-07-13 15:27:20,373 - Data loaded into MySQL table CDW_SAPP_CREDIT_CARD successful at 2024-07-13 15:27:20.
2024-07-13 15:27:20,408 - Data extraction from data/cdw_sapp_customer.json successful at 2024-07-13 15:27:20
2024-07-13 15:27:20,530 - Data transformation for Customer successful at 2024-07-13 15:27:20
2024-07-13 15:27:21,431 - Data loaded into MySQL table CDW_SAPP_CUSTOMER successful at 2024-07-13 15:27:21.
2024-07-13 15:27:21,486 - Closing down clientserver connection
2024-07-13 16:03:21,194 - MySQL connection is established at 2024-07-13 16:03:21
2024-07-13 16:03:21,195 - Database 'creditcard_capstone' already exists at 2024-07-13 16:03:21
2024-07-13 16:03:21,196 - MySQL connection is closed at 2024-07-13 16:03:21
2024-07-13 16:03:25,813 - Data extraction from CDW_SAPP_BRANCH successful at 2024-07-13 16:03:25.
2024-07-13 16:03:26,041 - Data transformation for CDW_SAPP_BRANCH successful at 2024-07-13 16:03:26.
2024-07-13 16:03:29,734 - Data loaded into MySQL table CDW_SAPP_BRANCH successful at 2024-07-13 16:03:29.
2024-07-13 16:03:29,773 - Data extraction from data/cdw_sapp_credit.json successful at 2024-07-13 16:03:29
2024-07-13 16:03:29,849 - Data transformation for credit card transactions successful at 2024-07-13 16:03:29
2024-07-13 16:03:40,220 - Data loaded into MySQL table CDW_SAPP_CREDIT_CARD successful at 2024-07-13 16:03:40.
2024-07-13 16:03:40,261 - Data extraction from data/cdw_sapp_customer.json successful at 2024-07-13 16:03:40
2024-07-13 16:03:40,427 - Data transformation for Customer successful at 2024-07-13 16:03:40
2024-07-13 16:03:41,450 - Data loaded into MySQL table CDW_SAPP_CUSTOMER successful at 2024-07-13 16:03:41.
2024-07-13 16:03:41,485 - Closing down clientserver connection
2024-07-13 16:41:27,667 - MySQL connection is established at 2024-07-13 16:41:27
2024-07-13 16:41:27,669 - Database 'creditcard_capstone' already exists at 2024-07-13 16:41:27
2024-07-13 16:41:27,669 - MySQL connection is closed at 2024-07-13 16:41:27
2024-07-13 16:41:32,086 - Data extraction from CDW_SAPP_BRANCH successful at 2024-07-13 16:41:32.
2024-07-13 16:41:32,244 - Data transformation for CDW_SAPP_BRANCH successful at 2024-07-13 16:41:32.
2024-07-13 16:41:35,765 - Data loaded into MySQL table CDW_SAPP_BRANCH successful at 2024-07-13 16:41:35.
2024-07-13 16:41:35,799 - Data extraction from data/cdw_sapp_credit.json successful at 2024-07-13 16:41:35
2024-07-13 16:41:35,870 - Data transformation for credit card transactions successful at 2024-07-13 16:41:35
2024-07-13 16:41:44,835 - Data loaded into MySQL table CDW_SAPP_CREDIT_CARD successful at 2024-07-13 16:41:44.
2024-07-13 16:41:44,861 - Data extraction from data/cdw_sapp_customer.json successful at 2024-07-13 16:41:44
2024-07-13 16:41:44,964 - Data transformation for Customer successful at 2024-07-13 16:41:44
2024-07-13 16:41:45,871 - Data loaded into MySQL table CDW_SAPP_CUSTOMER successful at 2024-07-13 16:41:45.
2024-07-13 16:41:45,905 - Closing down clientserver connection
2024-07-13 17:10:44,724 - MySQL connection is established at 2024-07-13 17:10:44
2024-07-13 17:10:44,725 - Database 'creditcard_capstone' already exists at 2024-07-13 17:10:44
2024-07-13 17:10:44,725 - MySQL connection is closed at 2024-07-13 17:10:44
2024-07-13 17:10:49,337 - Data extraction from CDW_SAPP_BRANCH successful at 2024-07-13 17:10:49.
2024-07-13 17:10:49,494 - Data transformation for CDW_SAPP_BRANCH successful at 2024-07-13 17:10:49.
2024-07-13 17:10:52,869 - Data loaded into MySQL table CDW_SAPP_BRANCH successful at 2024-07-13 17:10:52.
2024-07-13 17:10:52,904 - Data extraction from data/cdw_sapp_credit.json successful at 2024-07-13 17:10:52
2024-07-13 17:10:52,981 - Data transformation for credit card transactions successful at 2024-07-13 17:10:52
2024-07-13 17:11:01,999 - Data loaded into MySQL table CDW_SAPP_CREDIT_CARD successful at 2024-07-13 17:11:01.
2024-07-13 17:11:02,025 - Data extraction from data/cdw_sapp_customer.json successful at 2024-07-13 17:11:02
2024-07-13 17:11:02,123 - Data transformation for Customer successful at 2024-07-13 17:11:02
2024-07-13 17:11:03,009 - Data loaded into MySQL table CDW_SAPP_CUSTOMER successful at 2024-07-13 17:11:03.
2024-07-13 17:11:03,040 - Closing down clientserver connection
2024-07-13 23:00:46,950 - MySQL connection is established at 2024-07-13 23:00:46
2024-07-13 23:00:46,950 - Database 'creditcard_capstone' already exists at 2024-07-13 23:00:46
2024-07-13 23:00:46,950 - MySQL connection is closed at 2024-07-13 23:00:46
2024-07-13 23:00:51,334 - Data extraction from CDW_SAPP_BRANCH successful at 2024-07-13 23:00:51.
2024-07-13 23:00:51,475 - Data transformation for CDW_SAPP_BRANCH successful at 2024-07-13 23:00:51.
2024-07-13 23:00:54,434 - Data loaded into MySQL table CDW_SAPP_BRANCH successful at 2024-07-13 23:00:54.
2024-07-13 23:00:54,450 - Data extraction from data/cdw_sapp_credit.json successful at 2024-07-13 23:00:54
2024-07-13 23:00:54,513 - Data transformation for credit card transactions successful at 2024-07-13 23:00:54
2024-07-13 23:01:02,850 - Data loaded into MySQL table CDW_SAPP_CREDIT_CARD successful at 2024-07-13 23:01:02.
2024-07-13 23:01:02,881 - Data extraction from data/cdw_sapp_customer.json successful at 2024-07-13 23:01:02
2024-07-13 23:01:02,999 - Data transformation for Customer successful at 2024-07-13 23:01:02
2024-07-13 23:01:03,827 - Data loaded into MySQL table CDW_SAPP_CUSTOMER successful at 2024-07-13 23:01:03.
2024-07-13 23:01:03,859 - Closing down clientserver connection
2024-07-15 19:56:52,228 - MySQL connection is established at 2024-07-15 19:56:52
2024-07-15 19:56:52,235 - Database 'creditcard_capstone' already exists at 2024-07-15 19:56:52
2024-07-15 19:56:52,235 - MySQL connection is closed at 2024-07-15 19:56:52
2024-07-15 19:56:56,306 - Data extraction from CDW_SAPP_BRANCH successful at 2024-07-15 19:56:56.
2024-07-15 19:56:56,431 - Data transformation for CDW_SAPP_BRANCH successful at 2024-07-15 19:56:56.
2024-07-15 19:56:58,996 - Data loaded into MySQL table CDW_SAPP_BRANCH successful at 2024-07-15 19:56:58.
2024-07-15 19:56:59,012 - Data extraction from data/cdw_sapp_credit.json successful at 2024-07-15 19:56:59
2024-07-15 19:56:59,059 - Data transformation for credit card transactions successful at 2024-07-15 19:56:59
2024-07-15 19:57:04,497 - Data loaded into MySQL table CDW_SAPP_CREDIT_CARD successful at 2024-07-15 19:57:04.
2024-07-15 19:57:04,529 - Data extraction from data/cdw_sapp_customer.json successful at 2024-07-15 19:57:04
2024-07-15 19:57:04,591 - Data transformation for Customer successful at 2024-07-15 19:57:04
2024-07-15 19:57:05,155 - Data loaded into MySQL table CDW_SAPP_CUSTOMER successful at 2024-07-15 19:57:05.
2024-07-15 19:57:05,171 - Closing down clientserver connection
2024-07-15 20:22:51,448 - MySQL connection is established at 2024-07-15 20:22:51
2024-07-15 20:22:51,448 - Database 'creditcard_capstone' already exists at 2024-07-15 20:22:51
2024-07-15 20:22:51,448 - MySQL connection is closed at 2024-07-15 20:22:51
2024-07-15 20:22:55,597 - Data extraction from CDW_SAPP_BRANCH successful at 2024-07-15 20:22:55.
2024-07-15 20:22:55,722 - Data transformation for CDW_SAPP_BRANCH successful at 2024-07-15 20:22:55.
2024-07-15 20:22:58,311 - Data loaded into MySQL table CDW_SAPP_BRANCH successful at 2024-07-15 20:22:58.
2024-07-15 20:22:58,326 - Data extraction from data/cdw_sapp_credit.json successful at 2024-07-15 20:22:58
2024-07-15 20:22:58,373 - Data transformation for credit card transactions successful at 2024-07-15 20:22:58
2024-07-15 20:23:03,806 - Data loaded into MySQL table CDW_SAPP_CREDIT_CARD successful at 2024-07-15 20:23:03.
2024-07-15 20:23:03,837 - Data extraction from data/cdw_sapp_customer.json successful at 2024-07-15 20:23:03
2024-07-15 20:23:03,900 - Data transformation for Customer successful at 2024-07-15 20:23:03
2024-07-15 20:23:04,400 - Data loaded into MySQL table CDW_SAPP_CUSTOMER successful at 2024-07-15 20:23:04.
2024-07-15 20:23:04,400 - Closing down clientserver connection
2024-07-16 09:43:07,783 - MySQL connection is established at 2024-07-16 09:43:07
2024-07-16 09:43:07,786 - Database 'creditcard_capstone' already exists at 2024-07-16 09:43:07
2024-07-16 09:43:07,786 - MySQL connection is closed at 2024-07-16 09:43:07
2024-07-16 09:43:12,195 - Data extraction from CDW_SAPP_BRANCH successful at 2024-07-16 09:43:12.
2024-07-16 09:43:12,355 - Data transformation for CDW_SAPP_BRANCH successful at 2024-07-16 09:43:12.
2024-07-16 09:43:15,542 - Data loaded into MySQL table CDW_SAPP_BRANCH successful at 2024-07-16 09:43:15.
2024-07-16 09:43:15,561 - Data extraction from data/cdw_sapp_credit.json successful at 2024-07-16 09:43:15
2024-07-16 09:43:15,618 - Data transformation for credit card transactions successful at 2024-07-16 09:43:15
2024-07-16 09:43:22,534 - Data loaded into MySQL table CDW_SAPP_CREDIT_CARD successful at 2024-07-16 09:43:22.
2024-07-16 09:43:22,555 - Data extraction from data/cdw_sapp_customer.json successful at 2024-07-16 09:43:22
2024-07-16 09:43:22,658 - Data transformation for Customer successful at 2024-07-16 09:43:22
2024-07-16 09:43:23,600 - Data loaded into MySQL table CDW_SAPP_CUSTOMER successful at 2024-07-16 09:43:23.
2024-07-16 09:43:23,620 - Closing down clientserver connection
2024-07-16 09:57:13,386 - MySQL connection is established at 2024-07-16 09:57:13
2024-07-16 09:57:13,387 - Database 'creditcard_capstone' already exists at 2024-07-16 09:57:13
2024-07-16 09:57:13,388 - MySQL connection is closed at 2024-07-16 09:57:13
2024-07-16 09:57:17,781 - Data extraction from CDW_SAPP_BRANCH successful at 2024-07-16 09:57:17.
2024-07-16 09:57:17,932 - Data transformation for CDW_SAPP_BRANCH successful at 2024-07-16 09:57:17.
2024-07-16 09:57:20,698 - Data loaded into MySQL table CDW_SAPP_BRANCH successful at 2024-07-16 09:57:20.
2024-07-16 09:57:20,724 - Data extraction from data/cdw_sapp_credit.json successful at 2024-07-16 09:57:20
2024-07-16 09:57:20,768 - Data transformation for credit card transactions successful at 2024-07-16 09:57:20
2024-07-16 09:57:27,680 - Data loaded into MySQL table CDW_SAPP_CREDIT_CARD successful at 2024-07-16 09:57:27.
2024-07-16 09:57:27,702 - Data extraction from data/cdw_sapp_customer.json successful at 2024-07-16 09:57:27
2024-07-16 09:57:27,794 - Data transformation for Customer successful at 2024-07-16 09:57:27
2024-07-16 09:57:28,710 - Data loaded into MySQL table CDW_SAPP_CUSTOMER successful at 2024-07-16 09:57:28.
2024-07-16 09:57:28,736 - Closing down clientserver connection
2024-07-16 11:21:57,644 - MySQL connection is established at 2024-07-16 11:21:57
2024-07-16 11:21:57,647 - Database 'creditcard_capstone' already exists at 2024-07-16 11:21:57
2024-07-16 11:21:57,648 - MySQL connection is closed at 2024-07-16 11:21:57
2024-07-16 11:22:02,093 - Data extraction from CDW_SAPP_BRANCH successful at 2024-07-16 11:22:02.
2024-07-16 11:22:02,241 - Data transformation for CDW_SAPP_BRANCH successful at 2024-07-16 11:22:02.
2024-07-16 11:22:06,634 - Data loaded into MySQL table CDW_SAPP_BRANCH successful at 2024-07-16 11:22:06.
2024-07-16 11:22:06,657 - Data extraction from data/cdw_sapp_credit.json successful at 2024-07-16 11:22:06
2024-07-16 11:22:06,710 - Data transformation for credit card transactions successful at 2024-07-16 11:22:06
2024-07-16 11:22:14,623 - Data loaded into MySQL table CDW_SAPP_CREDIT_CARD successful at 2024-07-16 11:22:14.
2024-07-16 11:22:14,654 - Data extraction from data/cdw_sapp_customer.json successful at 2024-07-16 11:22:14
2024-07-16 11:22:14,768 - Data transformation for Customer successful at 2024-07-16 11:22:14
2024-07-16 11:22:15,792 - Data loaded into MySQL table CDW_SAPP_CUSTOMER successful at 2024-07-16 11:22:15.
2024-07-16 11:22:15,811 - Closing down clientserver connection
2024-07-16 11:43:00,099 - MySQL connection is established at 2024-07-16 11:43:00
2024-07-16 11:43:00,100 - Database 'creditcard_capstone' already exists at 2024-07-16 11:43:00
2024-07-16 11:43:00,100 - MySQL connection is closed at 2024-07-16 11:43:00
2024-07-16 11:43:04,572 - Data extraction from CDW_SAPP_BRANCH successful at 2024-07-16 11:43:04.
2024-07-16 11:43:04,714 - Data transformation for CDW_SAPP_BRANCH successful at 2024-07-16 11:43:04.
2024-07-16 11:43:07,536 - Data loaded into MySQL table CDW_SAPP_BRANCH successful at 2024-07-16 11:43:07.
2024-07-16 11:43:07,556 - Data extraction from data/cdw_sapp_credit.json successful at 2024-07-16 11:43:07
2024-07-16 11:43:07,607 - Data transformation for credit card transactions successful at 2024-07-16 11:43:07
2024-07-16 11:43:14,370 - Data loaded into MySQL table CDW_SAPP_CREDIT_CARD successful at 2024-07-16 11:43:14.
2024-07-16 11:43:14,392 - Data extraction from data/cdw_sapp_customer.json successful at 2024-07-16 11:43:14
2024-07-16 11:43:14,474 - Data transformation for Customer successful at 2024-07-16 11:43:14
2024-07-16 11:43:15,022 - Data loaded into MySQL table CDW_SAPP_CUSTOMER successful at 2024-07-16 11:43:15.
2024-07-16 11:43:15,031 - Closing down clientserver connection
